<?xml version="1.0" encoding="UTF-8"?>
<!-- Generated by org.testng.reporters.JUnitXMLReporter -->
<testsuite hostname="LAPTOP-PVBBVJ66" failures="0" tests="6" name="Test" time="14.792" errors="0" timestamp="14 Mar 2025 12:32:18 GMT">
  <testcase classname="In.Amazon.EnglishWillowBat" name="Search_Bar" time="3.248"/>
  <testcase classname="In.Amazon.EnglishWillowBat" name="Select_Item" time="0.488"/>
  <testcase classname="In.Amazon.EnglishWillowBat" name="Tab_Shift" time="0.056"/>
  <testcase classname="In.Amazon.EnglishWillowBat" name="Bat_Name" time="3.809"/>
  <testcase classname="In.Amazon.EnglishWillowBat" name="SG_Bat" time="0.41"/>
  <testcase classname="In.Amazon.EnglishWillowBat" name="Product_Price" time="0.164"/>
</testsuite> <!-- Test -->
