<?xml version="1.0" encoding="UTF-8"?>
<testng-results total="6" passed="6" failed="0" skipped="0">
  <reporter-output>
  </reporter-output>
  <suite started-at="2025-03-16T18:22:00Z" name="Suite" finished-at="2025-03-16T18:22:18Z" duration-ms="17281">
    <groups>
      <group name="run">
        <method signature="EnglishWillowBat.Bat_Name()[pri:0, instance:In.Amazon.EnglishWillowBat@78d6692f]" name="Bat_Name" class="In.Amazon.EnglishWillowBat"/>
        <method signature="EnglishWillowBat.Product_Price()[pri:0, instance:In.Amazon.EnglishWillowBat@78d6692f]" name="Product_Price" class="In.Amazon.EnglishWillowBat"/>
        <method signature="EnglishWillowBat.SG_Bat()[pri:0, instance:In.Amazon.EnglishWillowBat@78d6692f]" name="SG_Bat" class="In.Amazon.EnglishWillowBat"/>
        <method signature="EnglishWillowBat.Search_Bar(java.lang.String)[pri:0, instance:In.Amazon.EnglishWillowBat@78d6692f]" name="Search_Bar" class="In.Amazon.EnglishWillowBat"/>
        <method signature="EnglishWillowBat.Select_Item()[pri:0, instance:In.Amazon.EnglishWillowBat@78d6692f]" name="Select_Item" class="In.Amazon.EnglishWillowBat"/>
        <method signature="EnglishWillowBat.Tab_Shift()[pri:0, instance:In.Amazon.EnglishWillowBat@78d6692f]" name="Tab_Shift" class="In.Amazon.EnglishWillowBat"/>
      </group> <!-- run -->
    </groups>
    <test started-at="2025-03-16T18:22:00Z" name="Test" finished-at="2025-03-16T18:22:18Z" duration-ms="17281">
      <class name="In.Amazon.EnglishWillowBat">
        <test-method is-config="true" signature="LaunchBrowser()[pri:0, instance:In.Amazon.EnglishWillowBat@78d6692f]" started-at="2025-03-16T23:52:00Z" name="LaunchBrowser" finished-at="2025-03-16T23:52:08Z" duration-ms="7472" status="PASS">
          <reporter-output>
          </reporter-output>
        </test-method> <!-- LaunchBrowser -->
        <test-method signature="Search_Bar(java.lang.String)[pri:0, instance:In.Amazon.EnglishWillowBat@78d6692f]" started-at="2025-03-16T23:52:08Z" name="Search_Bar" data-provider="Data" finished-at="2025-03-16T23:52:10Z" duration-ms="2516" status="PASS">
          <params>
            <param index="0">
              <value>
                <![CDATA[sg cricket bat]]>
              </value>
            </param>
          </params>
          <reporter-output>
          </reporter-output>
        </test-method> <!-- Search_Bar -->
        <test-method signature="Select_Item()[pri:0, instance:In.Amazon.EnglishWillowBat@78d6692f]" started-at="2025-03-16T23:52:10Z" name="Select_Item" finished-at="2025-03-16T23:52:11Z" duration-ms="313" status="PASS">
          <reporter-output>
          </reporter-output>
        </test-method> <!-- Select_Item -->
        <test-method signature="Tab_Shift()[pri:0, instance:In.Amazon.EnglishWillowBat@78d6692f]" started-at="2025-03-16T23:52:11Z" name="Tab_Shift" finished-at="2025-03-16T23:52:11Z" duration-ms="35" status="PASS">
          <reporter-output>
          </reporter-output>
        </test-method> <!-- Tab_Shift -->
        <test-method signature="Bat_Name()[pri:0, instance:In.Amazon.EnglishWillowBat@78d6692f]" started-at="2025-03-16T23:52:11Z" name="Bat_Name" finished-at="2025-03-16T23:52:15Z" duration-ms="4550" status="PASS">
          <reporter-output>
          </reporter-output>
        </test-method> <!-- Bat_Name -->
        <test-method signature="SG_Bat()[pri:0, instance:In.Amazon.EnglishWillowBat@78d6692f]" started-at="2025-03-16T23:52:15Z" name="SG_Bat" finished-at="2025-03-16T23:52:16Z" duration-ms="669" status="PASS">
          <reporter-output>
          </reporter-output>
        </test-method> <!-- SG_Bat -->
        <test-method signature="Product_Price()[pri:0, instance:In.Amazon.EnglishWillowBat@78d6692f]" started-at="2025-03-16T23:52:16Z" name="Product_Price" finished-at="2025-03-16T23:52:16Z" duration-ms="289" status="PASS">
          <reporter-output>
          </reporter-output>
        </test-method> <!-- Product_Price -->
        <test-method is-config="true" signature="closeBrowser()[pri:0, instance:In.Amazon.EnglishWillowBat@78d6692f]" started-at="2025-03-16T23:52:16Z" name="closeBrowser" finished-at="2025-03-16T23:52:18Z" duration-ms="1417" status="PASS">
          <reporter-output>
          </reporter-output>
        </test-method> <!-- closeBrowser -->
      </class> <!-- In.Amazon.EnglishWillowBat -->
    </test> <!-- Test -->
  </suite> <!-- Suite -->
</testng-results>
