<?xml version="1.0" encoding="UTF-8"?>
<testng-results total="6" passed="6" failed="0" skipped="0">
  <reporter-output>
  </reporter-output>
  <suite started-at="2025-03-14T12:32:03Z" name="Suite" finished-at="2025-03-14T12:32:18Z" duration-ms="14792">
    <groups>
      <group name="run">
        <method signature="EnglishWillowBat.Bat_Name()[pri:0, instance:In.Amazon.EnglishWillowBat@d41f816]" name="Bat_Name" class="In.Amazon.EnglishWillowBat"/>
        <method signature="EnglishWillowBat.Product_Price()[pri:0, instance:In.Amazon.EnglishWillowBat@d41f816]" name="Product_Price" class="In.Amazon.EnglishWillowBat"/>
        <method signature="EnglishWillowBat.SG_Bat()[pri:0, instance:In.Amazon.EnglishWillowBat@d41f816]" name="SG_Bat" class="In.Amazon.EnglishWillowBat"/>
        <method signature="EnglishWillowBat.Search_Bar(java.lang.String)[pri:0, instance:In.Amazon.EnglishWillowBat@d41f816]" name="Search_Bar" class="In.Amazon.EnglishWillowBat"/>
        <method signature="EnglishWillowBat.Select_Item()[pri:0, instance:In.Amazon.EnglishWillowBat@d41f816]" name="Select_Item" class="In.Amazon.EnglishWillowBat"/>
        <method signature="EnglishWillowBat.Tab_Shift()[pri:0, instance:In.Amazon.EnglishWillowBat@d41f816]" name="Tab_Shift" class="In.Amazon.EnglishWillowBat"/>
      </group> <!-- run -->
    </groups>
    <test started-at="2025-03-14T12:32:03Z" name="Test" finished-at="2025-03-14T12:32:18Z" duration-ms="14792">
      <class name="In.Amazon.EnglishWillowBat">
        <test-method is-config="true" signature="LaunchBrowser()[pri:0, instance:In.Amazon.EnglishWillowBat@d41f816]" started-at="2025-03-14T18:02:03Z" name="LaunchBrowser" finished-at="2025-03-14T18:02:08Z" duration-ms="4976" status="PASS">
          <reporter-output>
          </reporter-output>
        </test-method> <!-- LaunchBrowser -->
        <test-method signature="Search_Bar(java.lang.String)[pri:0, instance:In.Amazon.EnglishWillowBat@d41f816]" started-at="2025-03-14T18:02:08Z" name="Search_Bar" data-provider="Data" finished-at="2025-03-14T18:02:11Z" duration-ms="3248" status="PASS">
          <params>
            <param index="0">
              <value>
                <![CDATA[sg cricket bat]]>
              </value>
            </param>
          </params>
          <reporter-output>
          </reporter-output>
        </test-method> <!-- Search_Bar -->
        <test-method signature="Select_Item()[pri:0, instance:In.Amazon.EnglishWillowBat@d41f816]" started-at="2025-03-14T18:02:11Z" name="Select_Item" finished-at="2025-03-14T18:02:11Z" duration-ms="488" status="PASS">
          <reporter-output>
          </reporter-output>
        </test-method> <!-- Select_Item -->
        <test-method signature="Tab_Shift()[pri:0, instance:In.Amazon.EnglishWillowBat@d41f816]" started-at="2025-03-14T18:02:11Z" name="Tab_Shift" finished-at="2025-03-14T18:02:12Z" duration-ms="56" status="PASS">
          <reporter-output>
          </reporter-output>
        </test-method> <!-- Tab_Shift -->
        <test-method signature="Bat_Name()[pri:0, instance:In.Amazon.EnglishWillowBat@d41f816]" started-at="2025-03-14T18:02:12Z" name="Bat_Name" finished-at="2025-03-14T18:02:15Z" duration-ms="3809" status="PASS">
          <reporter-output>
          </reporter-output>
        </test-method> <!-- Bat_Name -->
        <test-method signature="SG_Bat()[pri:0, instance:In.Amazon.EnglishWillowBat@d41f816]" started-at="2025-03-14T18:02:15Z" name="SG_Bat" finished-at="2025-03-14T18:02:16Z" duration-ms="410" status="PASS">
          <reporter-output>
          </reporter-output>
        </test-method> <!-- SG_Bat -->
        <test-method signature="Product_Price()[pri:0, instance:In.Amazon.EnglishWillowBat@d41f816]" started-at="2025-03-14T18:02:16Z" name="Product_Price" finished-at="2025-03-14T18:02:16Z" duration-ms="164" status="PASS">
          <reporter-output>
          </reporter-output>
        </test-method> <!-- Product_Price -->
        <test-method is-config="true" signature="closeBrowser()[pri:0, instance:In.Amazon.EnglishWillowBat@d41f816]" started-at="2025-03-14T18:02:16Z" name="closeBrowser" finished-at="2025-03-14T18:02:18Z" duration-ms="1607" status="PASS">
          <reporter-output>
          </reporter-output>
        </test-method> <!-- closeBrowser -->
      </class> <!-- In.Amazon.EnglishWillowBat -->
    </test> <!-- Test -->
  </suite> <!-- Suite -->
</testng-results>
